六月 21, 2018 7:44:08 下午 net.sourceforge.tessboxeditor.GuiWithTools$1 done
严重: javax.imageio.IIOException: I/O error reading PNG header!
java.util.concurrent.ExecutionException: javax.imageio.IIOException: I/O error reading PNG header!
	at java.util.concurrent.FutureTask.report(FutureTask.java:122)
	at java.util.concurrent.FutureTask.get(FutureTask.java:192)
	at javax.swing.SwingWorker.get(SwingWorker.java:602)
	at net.sourceforge.tessboxeditor.GuiWithTools$1.done(Unknown Source)
	at javax.swing.SwingWorker$5.run(SwingWorker.java:737)
	at javax.swing.SwingWorker$DoSubmitAccumulativeRunnable.run(SwingWorker.java:832)
	at sun.swing.AccumulativeRunnable.run(AccumulativeRunnable.java:112)
	at javax.swing.SwingWorker$DoSubmitAccumulativeRunnable.actionPerformed(SwingWorker.java:842)
	at javax.swing.Timer.fireActionPerformed(Timer.java:313)
	at javax.swing.Timer$DoPostEvent.run(Timer.java:245)
	at java.awt.event.InvocationEvent.dispatch(InvocationEvent.java:311)
	at java.awt.EventQueue.dispatchEventImpl(EventQueue.java:756)
	at java.awt.EventQueue.access$500(EventQueue.java:97)
	at java.awt.EventQueue$3.run(EventQueue.java:709)
	at java.awt.EventQueue$3.run(EventQueue.java:703)
	at java.security.AccessController.doPrivileged(Native Method)
	at java.security.ProtectionDomain$JavaSecurityAccessImpl.doIntersectionPrivilege(ProtectionDomain.java:80)
	at java.awt.EventQueue.dispatchEvent(EventQueue.java:726)
	at java.awt.EventDispatchThread.pumpOneEventForFilters(EventDispatchThread.java:201)
	at java.awt.EventDispatchThread.pumpEventsForFilter(EventDispatchThread.java:116)
	at java.awt.EventDispatchThread.pumpEventsForHierarchy(EventDispatchThread.java:105)
	at java.awt.EventDispatchThread.pumpEvents(EventDispatchThread.java:101)
	at java.awt.EventDispatchThread.pumpEvents(EventDispatchThread.java:93)
	at java.awt.EventDispatchThread.run(EventDispatchThread.java:82)
Caused by: javax.imageio.IIOException: I/O error reading PNG header!
	at com.sun.imageio.plugins.png.PNGImageReader.readHeader(PNGImageReader.java:315)
	at com.sun.imageio.plugins.png.PNGImageReader.readMetadata(PNGImageReader.java:654)
	at com.sun.imageio.plugins.png.PNGImageReader.readImage(PNGImageReader.java:1256)
	at com.sun.imageio.plugins.png.PNGImageReader.read(PNGImageReader.java:1614)
	at javax.imageio.ImageReader.readAll(ImageReader.java:1066)
	at net.sourceforge.tess4j.util.ImageIOHelper.getIIOImageList(Unknown Source)
	at net.sourceforge.tess4j.util.ImageIOHelper.mergeTiff(Unknown Source)
	at net.sourceforge.tessboxeditor.GuiWithTools$1.doInBackground(Unknown Source)
	at net.sourceforge.tessboxeditor.GuiWithTools$1.doInBackground(Unknown Source)
	at javax.swing.SwingWorker$1.call(SwingWorker.java:295)
	at java.util.concurrent.FutureTask.run(FutureTask.java:266)
	at javax.swing.SwingWorker.run(SwingWorker.java:334)
	at java.util.concurrent.ThreadPoolExecutor.runWorker(ThreadPoolExecutor.java:1142)
	at java.util.concurrent.ThreadPoolExecutor$Worker.run(ThreadPoolExecutor.java:617)
	at java.lang.Thread.run(Thread.java:748)
Caused by: javax.imageio.IIOException: Bad PNG signature!
	at com.sun.imageio.plugins.png.PNGImageReader.readHeader(PNGImageReader.java:242)
	... 14 more

